Determining if the pthread_create exist failed with the following output:
Change Dir: /home/jhassler/SourceCode/spacehauc/octopOS/build/CMakeFiles/CMakeTmp

Run Build Command:"/usr/bin/make" "cmTC_b9671/fast"
/usr/bin/make -f CMakeFiles/cmTC_b9671.dir/build.make CMakeFiles/cmTC_b9671.dir/build
make[1]: Entering directory '/home/jhassler/SourceCode/spacehauc/octopOS/build/CMakeFiles/CMakeTmp'
Building C object CMakeFiles/cmTC_b9671.dir/CheckSymbolExists.c.o
/usr/bin/cc    -o CMakeFiles/cmTC_b9671.dir/CheckSymbolExists.c.o   -c /home/jhassler/SourceCode/spacehauc/octopOS/build/CMakeFiles/CMakeTmp/CheckSymbolExists.c
Linking C executable cmTC_b9671
/usr/bin/cmake -E cmake_link_script CMakeFiles/cmTC_b9671.dir/link.txt --verbose=1
/usr/bin/cc      -rdynamic CMakeFiles/cmTC_b9671.dir/CheckSymbolExists.c.o  -o cmTC_b9671 
CMakeFiles/cmTC_b9671.dir/CheckSymbolExists.c.o: In function `main':
CheckSymbolExists.c:(.text+0x1b): undefined reference to `pthread_create'
collect2: error: ld returned 1 exit status
make[1]: *** [CMakeFiles/cmTC_b9671.dir/build.make:98: cmTC_b9671] Error 1
make[1]: Leaving directory '/home/jhassler/SourceCode/spacehauc/octopOS/build/CMakeFiles/CMakeTmp'
make: *** [Makefile:126: cmTC_b9671/fast] Error 2

File /home/jhassler/SourceCode/spacehauc/octopOS/build/CMakeFiles/CMakeTmp/CheckSymbolExists.c:
/* */
#include <pthread.h>

int main(int argc, char** argv)
{
  (void)argv;
#ifndef pthread_create
  return ((int*)(&pthread_create))[argc];
#else
  (void)argc;
  return 0;
#endif
}

Determining if the function pthread_create exists in the pthreads failed with the following output:
Change Dir: /home/jhassler/SourceCode/spacehauc/octopOS/build/CMakeFiles/CMakeTmp

Run Build Command:"/usr/bin/make" "cmTC_8021c/fast"
/usr/bin/make -f CMakeFiles/cmTC_8021c.dir/build.make CMakeFiles/cmTC_8021c.dir/build
make[1]: Entering directory '/home/jhassler/SourceCode/spacehauc/octopOS/build/CMakeFiles/CMakeTmp'
Building C object CMakeFiles/cmTC_8021c.dir/CheckFunctionExists.c.o
/usr/bin/cc   -DCHECK_FUNCTION_EXISTS=pthread_create   -o CMakeFiles/cmTC_8021c.dir/CheckFunctionExists.c.o   -c /usr/share/cmake-3.9/Modules/CheckFunctionExists.c
Linking C executable cmTC_8021c
/usr/bin/cmake -E cmake_link_script CMakeFiles/cmTC_8021c.dir/link.txt --verbose=1
/usr/bin/cc  -DCHECK_FUNCTION_EXISTS=pthread_create    -rdynamic CMakeFiles/cmTC_8021c.dir/CheckFunctionExists.c.o  -o cmTC_8021c -lpthreads 
/usr/bin/ld: cannot find -lpthreads
collect2: error: ld returned 1 exit status
make[1]: *** [CMakeFiles/cmTC_8021c.dir/build.make:98: cmTC_8021c] Error 1
make[1]: Leaving directory '/home/jhassler/SourceCode/spacehauc/octopOS/build/CMakeFiles/CMakeTmp'
make: *** [Makefile:126: cmTC_8021c/fast] Error 2


